2026-03-09 07:17:50 [WARN]: GET /api/feedback/69ae26c6069570ada9513e8d - Status: 401
2026-03-09 07:17:50 [WARN]: GET /api/feedback/average/69ae26c6069570ada9513e8d - Status: 401
2026-03-09 07:20:21 [WARN]: GET / - Status: 404
2026-03-09 07:20:21 [WARN]: GET /favicon.ico - Status: 404
2026-03-09 07:21:01 [WARN]: GET /api/feedback/69ae26c6069570ada9513e8d - Status: 401
2026-03-09 07:21:01 [WARN]: GET /api/feedback/average/69ae26c6069570ada9513e8d - Status: 401
2026-03-09 07:27:54 [WARN]: GET /api/feedback/69ae26c6069570ada9513e8d - Status: 401
2026-03-09 07:27:54 [WARN]: GET /api/feedback/average/69ae26c6069570ada9513e8d - Status: 401
2026-03-09 07:29:04 [WARN]: GET /api/feedback/69abe5b03ae266235f792799 - Status: 401
2026-03-09 07:29:04 [WARN]: GET /api/feedback/average/69abe5b03ae266235f792799 - Status: 401
2026-03-09 07:31:45 [WARN]: GET /api/feedback/69abe5b03ae266235f792799 - Status: 401
2026-03-09 07:31:45 [WARN]: GET /api/feedback/average/69abe5b03ae266235f792799 - Status: 401
2026-03-09 07:31:47 [WARN]: POST /api/auth/login - Status: 404
2026-03-09 07:31:51 [WARN]: POST /api/auth/login - Status: 404
2026-03-09 07:38:45 [WARN]: GET /api/feedback/69abe5b03ae266235f792799 - Status: 401
2026-03-09 07:38:45 [WARN]: GET /api/feedback/average/69abe5b03ae266235f792799 - Status: 401
2026-03-09 07:38:51 [WARN]: POST /api/auth/login - Status: 404
2026-03-09 07:44:20 [WARN]: POST /api/auth/login - Status: 404
2026-03-09 07:44:26 [WARN]: GET /api/feedback/69abe5b03ae266235f792799 - Status: 401
2026-03-09 07:44:26 [WARN]: GET /api/feedback/average/69abe5b03ae266235f792799 - Status: 401
2026-03-09 07:45:00 [WARN]: POST /api/auth/login - Status: 404
2026-03-09 07:47:31 [WARN]: GET /api/feedback/69abe5b03ae266235f792799 - Status: 401
2026-03-09 07:47:31 [WARN]: GET /api/feedback/average/69abe5b03ae266235f792799 - Status: 401
2026-03-09 07:47:36 [WARN]: POST /api/auth/login - Status: 404
2026-03-09 07:49:57 [WARN]: POST /api/auth/login - Status: 404
2026-03-09 07:50:08 [WARN]: GET /api/feedback/69abe5b03ae266235f792799 - Status: 401
2026-03-09 07:50:08 [WARN]: GET /api/feedback/average/69abe5b03ae266235f792799 - Status: 401
2026-03-09 07:50:21 [WARN]: POST /api/auth/login - Status: 404
2026-03-09 07:50:47 [WARN]: POST /api/auth/login - Status: 404
2026-03-09 07:52:17 [WARN]: POST /api/auth/login - Status: 404
2026-03-09 08:27:25 [WARN]: GET /api/feedback/69abe5b03ae266235f792799 - Status: 401
2026-03-09 08:27:25 [WARN]: GET /api/feedback/average/69abe5b03ae266235f792799 - Status: 401
2026-03-09 08:27:30 [WARN]: POST /api/auth/login - Status: 404
2026-03-09 08:28:24 [WARN]: POST /api/auth/login - Status: 404
2026-03-09 08:29:24 [WARN]: GET /api/feedback/69abe5b03ae266235f792799 - Status: 401
2026-03-09 08:29:24 [WARN]: GET /api/feedback/average/69abe5b03ae266235f792799 - Status: 401
2026-03-09 08:29:32 [WARN]: POST /api/auth/login - Status: 404
2026-03-09 08:30:37 [WARN]: GET /api/feedback/69abe5b03ae266235f792799 - Status: 401
2026-03-09 08:30:37 [WARN]: GET /api/feedback/average/69abe5b03ae266235f792799 - Status: 401
2026-03-09 08:30:39 [WARN]: POST /api/auth/login - Status: 404
2026-03-09 08:35:03 [WARN]: POST /api/auth/login - Status: 404
2026-03-09 08:35:44 [WARN]: POST /api/auth/login - Status: 404
2026-03-09 08:36:02 [WARN]: POST /api/auth/login - Status: 404
2026-03-09 08:48:53 [WARN]: GET /api/feedback/69abe5b03ae266235f792799 - Status: 401
2026-03-09 08:48:53 [WARN]: GET /api/feedback/average/69abe5b03ae266235f792799 - Status: 401
2026-03-09 08:49:12 [WARN]: Email service not configured. Skipping notification.
2026-03-09 08:49:26 [WARN]: POST /api/feedback - Status: 400
2026-03-09 08:51:39 [WARN]: POST /api/feedback - Status: 400
2026-03-09 08:51:49 [WARN]: POST /api/feedback - Status: 400
2026-03-09 08:52:12 [WARN]: POST /api/feedback - Status: 400
2026-03-09 08:52:26 [WARN]: POST /api/feedback - Status: 400
2026-03-09 08:52:32 [WARN]: POST /api/feedback - Status: 400
2026-03-09 08:54:17 [WARN]: Email service not configured. Skipping notification.
2026-03-10 01:13:25 [WARN]: GET /api/feedback/69abe5b03ae266235f792799 - Status: 401
2026-03-10 01:13:25 [WARN]: GET /api/feedback/average/69abe5b03ae266235f792799 - Status: 401
2026-03-10 01:14:25 [WARN]: GET /api/feedback/69abe5b03ae266235f792799 - Status: 401
2026-03-10 01:14:25 [WARN]: GET /api/feedback/average/69abe5b03ae266235f792799 - Status: 401
